<?xml version="1.0" encoding="UTF-8"?>
<robot generator="Robot 5.0.1 (Python 3.10.4 on win32)" generated="20220530 14:06:48.269" rpa="false" schemaversion="3">
<suite id="s1" name="Test1" source="C:\Users\Käyttäjä\PycharmProjects\WEB\Test\Test1.robot">
<test id="s1-t1" name="TEST1" line="6">
<kw name="Start test">
<kw name="Open Browser" library="SeleniumLibrary">
<arg>https://www.amazon.com</arg>
<arg>chrome</arg>
<doc>Opens a new browser instance to the given ``url``.</doc>
<msg timestamp="20220530 14:06:48.568" level="INFO">Opening browser 'chrome' to base url 'https://www.amazon.com'.</msg>
<status status="PASS" starttime="20220530 14:06:48.568" endtime="20220530 14:06:52.895"/>
</kw>
<kw name="Maximize Browser Window" library="SeleniumLibrary">
<doc>Maximizes current browser window.</doc>
<status status="PASS" starttime="20220530 14:06:52.895" endtime="20220530 14:06:53.255"/>
</kw>
<status status="PASS" starttime="20220530 14:06:48.568" endtime="20220530 14:06:53.255"/>
</kw>
<kw name="Find laptop and verify result">
<kw name="Page Should Contain Link" library="SeleniumLibrary">
<arg>id:nav-logo-sprites</arg>
<doc>Verifies link identified by ``locator`` is found from current page.</doc>
<msg timestamp="20220530 14:06:53.391" level="INFO">Current page contains link 'id:nav-logo-sprites'.</msg>
<status status="PASS" starttime="20220530 14:06:53.260" endtime="20220530 14:06:53.391"/>
</kw>
<kw name="Input Text" library="SeleniumLibrary">
<arg>id:twotabsearchtextbox</arg>
<arg>laptop</arg>
<doc>Types the given ``text`` into text field identified by ``locator``.</doc>
<msg timestamp="20220530 14:06:53.391" level="INFO">Typing text 'laptop' into text field 'id:twotabsearchtextbox'.</msg>
<status status="PASS" starttime="20220530 14:06:53.391" endtime="20220530 14:06:53.627"/>
</kw>
<kw name="Click Element" library="SeleniumLibrary">
<arg>id:nav-search-submit-button</arg>
<doc>Click element identified by ``locator``.</doc>
<msg timestamp="20220530 14:06:53.627" level="INFO">Clicking element 'id:nav-search-submit-button'.</msg>
<status status="PASS" starttime="20220530 14:06:53.627" endtime="20220530 14:06:57.239"/>
</kw>
<kw name="Page Should Contain" library="SeleniumLibrary">
<arg>Find your laptop</arg>
<doc>Verifies that current page contains ``text``.</doc>
<msg timestamp="20220530 14:06:57.318" level="INFO">Current page contains text 'Find your laptop'.</msg>
<status status="PASS" starttime="20220530 14:06:57.239" endtime="20220530 14:06:57.318"/>
</kw>
<status status="PASS" starttime="20220530 14:06:53.255" endtime="20220530 14:06:57.318"/>
</kw>
<kw name="Filter the results">
<kw name="Input Text" library="SeleniumLibrary">
<arg>id:low-price</arg>
<arg>400</arg>
<doc>Types the given ``text`` into text field identified by ``locator``.</doc>
<msg timestamp="20220530 14:06:57.318" level="INFO">Typing text '400' into text field 'id:low-price'.</msg>
<status status="PASS" starttime="20220530 14:06:57.318" endtime="20220530 14:06:57.623"/>
</kw>
<kw name="Input Text" library="SeleniumLibrary">
<arg>id:high-price</arg>
<arg>600</arg>
<doc>Types the given ``text`` into text field identified by ``locator``.</doc>
<msg timestamp="20220530 14:06:57.623" level="INFO">Typing text '600' into text field 'id:high-price'.</msg>
<status status="PASS" starttime="20220530 14:06:57.623" endtime="20220530 14:06:57.874"/>
</kw>
<kw name="Click Element" library="SeleniumLibrary">
<arg>id:a-autoid-1</arg>
<doc>Click element identified by ``locator``.</doc>
<msg timestamp="20220530 14:06:57.874" level="INFO">Clicking element 'id:a-autoid-1'.</msg>
<status status="PASS" starttime="20220530 14:06:57.874" endtime="20220530 14:07:00.583"/>
</kw>
<kw name="Click Element" library="SeleniumLibrary">
<arg>id:a-autoid-0</arg>
<doc>Click element identified by ``locator``.</doc>
<msg timestamp="20220530 14:07:00.583" level="INFO">Clicking element 'id:a-autoid-0'.</msg>
<status status="PASS" starttime="20220530 14:07:00.583" endtime="20220530 14:07:01.447"/>
</kw>
<kw name="Click Element" library="SeleniumLibrary">
<arg>id:s-result-sort-select_1</arg>
<doc>Click element identified by ``locator``.</doc>
<msg timestamp="20220530 14:07:01.451" level="INFO">Clicking element 'id:s-result-sort-select_1'.</msg>
<status status="PASS" starttime="20220530 14:07:01.449" endtime="20220530 14:07:01.744"/>
</kw>
<status status="PASS" starttime="20220530 14:06:57.318" endtime="20220530 14:07:01.744"/>
</kw>
<kw name="Finish test">
<kw name="Close Browser" library="SeleniumLibrary">
<doc>Closes the current browser.</doc>
<status status="PASS" starttime="20220530 14:07:01.751" endtime="20220530 14:07:04.413"/>
</kw>
<status status="PASS" starttime="20220530 14:07:01.749" endtime="20220530 14:07:04.413"/>
</kw>
<doc>This is a test testcase on amazon.com</doc>
<status status="PASS" starttime="20220530 14:06:48.558" endtime="20220530 14:07:04.413"/>
</test>
<status status="PASS" starttime="20220530 14:06:48.278" endtime="20220530 14:07:04.413"/>
</suite>
<statistics>
<total>
<stat pass="1" fail="0" skip="0">All Tests</stat>
</total>
<tag>
</tag>
<suite>
<stat pass="1" fail="0" skip="0" id="s1" name="Test1">Test1</stat>
</suite>
</statistics>
<errors>
</errors>
</robot>
